{"E:\\git\\RSSchool-node.js-2021Q4\\ciphers\\ciphers.js": {"path":"E:\\git\\RSSchool-node.js-2021Q4\\ciphers\\ciphers.js","statementMap":{"0":{"start":{"line":8,"column":0},"end":{"line":41,"column":2}},"1":{"start":{"line":10,"column":16},"end":{"line":10,"column":44}},"2":{"start":{"line":11,"column":10},"end":{"line":11,"column":22}},"3":{"start":{"line":12,"column":14},"end":{"line":12,"column":15}},"4":{"start":{"line":14,"column":2},"end":{"line":21,"column":3}},"5":{"start":{"line":16,"column":6},"end":{"line":16,"column":32}},"6":{"start":{"line":17,"column":6},"end":{"line":17,"column":12}},"7":{"start":{"line":19,"column":6},"end":{"line":19,"column":32}},"8":{"start":{"line":20,"column":6},"end":{"line":20,"column":12}},"9":{"start":{"line":23,"column":17},"end":{"line":23,"column":19}},"10":{"start":{"line":25,"column":2},"end":{"line":39,"column":3}},"11":{"start":{"line":25,"column":19},"end":{"line":25,"column":20}},"12":{"start":{"line":26,"column":17},"end":{"line":26,"column":41}},"13":{"start":{"line":27,"column":16},"end":{"line":27,"column":51}},"14":{"start":{"line":29,"column":4},"end":{"line":38,"column":5}},"15":{"start":{"line":31,"column":6},"end":{"line":31,"column":25}},"16":{"start":{"line":32,"column":11},"end":{"line":38,"column":5}},"17":{"start":{"line":34,"column":6},"end":{"line":34,"column":104}},"18":{"start":{"line":37,"column":6},"end":{"line":37,"column":120}},"19":{"start":{"line":40,"column":2},"end":{"line":40,"column":18}},"20":{"start":{"line":43,"column":16},"end":{"line":45,"column":1}},"21":{"start":{"line":44,"column":2},"end":{"line":44,"column":40}}},"fnMap":{"0":{"name":"(anonymous_0)","decl":{"start":{"line":8,"column":25},"end":{"line":8,"column":26}},"loc":{"start":{"line":8,"column":69},"end":{"line":41,"column":1}},"line":8},"1":{"name":"(anonymous_1)","decl":{"start":{"line":43,"column":16},"end":{"line":43,"column":17}},"loc":{"start":{"line":43,"column":34},"end":{"line":45,"column":1}},"line":43}},"branchMap":{"0":{"loc":{"start":{"line":8,"column":52},"end":{"line":8,"column":67}},"type":"default-arg","locations":[{"start":{"line":8,"column":63},"end":{"line":8,"column":67}}],"line":8},"1":{"loc":{"start":{"line":14,"column":2},"end":{"line":21,"column":3}},"type":"switch","locations":[{"start":{"line":15,"column":4},"end":{"line":17,"column":12}},{"start":{"line":18,"column":4},"end":{"line":20,"column":12}}],"line":14},"2":{"loc":{"start":{"line":16,"column":14},"end":{"line":16,"column":31}},"type":"cond-expr","locations":[{"start":{"line":16,"column":25},"end":{"line":16,"column":26}},{"start":{"line":16,"column":29},"end":{"line":16,"column":31}}],"line":16},"3":{"loc":{"start":{"line":19,"column":14},"end":{"line":19,"column":31}},"type":"cond-expr","locations":[{"start":{"line":19,"column":25},"end":{"line":19,"column":26}},{"start":{"line":19,"column":29},"end":{"line":19,"column":31}}],"line":19},"4":{"loc":{"start":{"line":29,"column":4},"end":{"line":38,"column":5}},"type":"if","locations":[{"start":{"line":29,"column":4},"end":{"line":38,"column":5}},{"start":{"line":32,"column":11},"end":{"line":38,"column":5}}],"line":29},"5":{"loc":{"start":{"line":32,"column":11},"end":{"line":38,"column":5}},"type":"if","locations":[{"start":{"line":32,"column":11},"end":{"line":38,"column":5}},{"start":{"line":35,"column":11},"end":{"line":38,"column":5}}],"line":32},"6":{"loc":{"start":{"line":34,"column":18},"end":{"line":34,"column":103}},"type":"cond-expr","locations":[{"start":{"line":34,"column":34},"end":{"line":34,"column":64}},{"start":{"line":34,"column":67},"end":{"line":34,"column":103}}],"line":34},"7":{"loc":{"start":{"line":37,"column":19},"end":{"line":37,"column":104}},"type":"cond-expr","locations":[{"start":{"line":37,"column":35},"end":{"line":37,"column":65}},{"start":{"line":37,"column":68},"end":{"line":37,"column":104}}],"line":37}},"s":{"0":1,"1":6,"2":6,"3":6,"4":6,"5":2,"6":2,"7":2,"8":2,"9":6,"10":6,"11":6,"12":219,"13":219,"14":219,"15":129,"16":90,"17":6,"18":84,"19":6,"20":1,"21":90},"f":{"0":6,"1":90},"b":{"0":[6],"1":[2,2],"2":[2,0],"3":[2,0],"4":[129,90],"5":[6,84],"6":[2,4],"7":[28,56]},"_coverageSchema":"1a1c01bbd47fc00a2c39e90264f33305004495a9","hash":"29d74784922136d63aa97dd2e2584de23d0c0496"}
,"E:\\git\\RSSchool-node.js-2021Q4\\errors\\myError.js": {"path":"E:\\git\\RSSchool-node.js-2021Q4\\errors\\myError.js","statementMap":{"0":{"start":{"line":10,"column":4},"end":{"line":10,"column":19}},"1":{"start":{"line":11,"column":4},"end":{"line":11,"column":27}},"2":{"start":{"line":12,"column":4},"end":{"line":12,"column":34}},"3":{"start":{"line":18,"column":4},"end":{"line":18,"column":19}},"4":{"start":{"line":19,"column":4},"end":{"line":19,"column":27}},"5":{"start":{"line":20,"column":4},"end":{"line":20,"column":33}},"6":{"start":{"line":26,"column":4},"end":{"line":26,"column":19}},"7":{"start":{"line":27,"column":4},"end":{"line":27,"column":27}},"8":{"start":{"line":28,"column":4},"end":{"line":28,"column":35}},"9":{"start":{"line":34,"column":4},"end":{"line":34,"column":19}},"10":{"start":{"line":35,"column":4},"end":{"line":35,"column":27}},"11":{"start":{"line":36,"column":4},"end":{"line":36,"column":31}},"12":{"start":{"line":40,"column":0},"end":{"line":40,"column":75}}},"fnMap":{"0":{"name":"(anonymous_0)","decl":{"start":{"line":9,"column":2},"end":{"line":9,"column":3}},"loc":{"start":{"line":9,"column":23},"end":{"line":13,"column":3}},"line":9},"1":{"name":"(anonymous_1)","decl":{"start":{"line":17,"column":2},"end":{"line":17,"column":3}},"loc":{"start":{"line":17,"column":23},"end":{"line":21,"column":3}},"line":17},"2":{"name":"(anonymous_2)","decl":{"start":{"line":25,"column":2},"end":{"line":25,"column":3}},"loc":{"start":{"line":25,"column":23},"end":{"line":29,"column":3}},"line":25},"3":{"name":"(anonymous_3)","decl":{"start":{"line":33,"column":2},"end":{"line":33,"column":3}},"loc":{"start":{"line":33,"column":23},"end":{"line":37,"column":3}},"line":33}},"branchMap":{},"s":{"0":7,"1":7,"2":7,"3":6,"4":6,"5":6,"6":1,"7":1,"8":1,"9":0,"10":0,"11":0,"12":3},"f":{"0":7,"1":6,"2":1,"3":0},"b":{},"_coverageSchema":"1a1c01bbd47fc00a2c39e90264f33305004495a9","hash":"fb4e3cd5a4e0ec2de5ef551845a2f8c2b61549f2"}
,"E:\\git\\RSSchool-node.js-2021Q4\\validators\\argCheck.js": {"path":"E:\\git\\RSSchool-node.js-2021Q4\\validators\\argCheck.js","statementMap":{"0":{"start":{"line":6,"column":42},"end":{"line":6,"column":70}},"1":{"start":{"line":9,"column":21},"end":{"line":13,"column":5}},"2":{"start":{"line":14,"column":4},"end":{"line":24,"column":7}},"3":{"start":{"line":15,"column":26},"end":{"line":15,"column":88}},"4":{"start":{"line":15,"column":48},"end":{"line":15,"column":80}},"5":{"start":{"line":16,"column":8},"end":{"line":19,"column":9}},"6":{"start":{"line":17,"column":12},"end":{"line":17,"column":85}},"7":{"start":{"line":18,"column":12},"end":{"line":18,"column":24}},"8":{"start":{"line":20,"column":8},"end":{"line":23,"column":9}},"9":{"start":{"line":21,"column":12},"end":{"line":21,"column":88}},"10":{"start":{"line":22,"column":12},"end":{"line":22,"column":24}},"11":{"start":{"line":25,"column":4},"end":{"line":25,"column":15}},"12":{"start":{"line":29,"column":4},"end":{"line":39,"column":5}},"13":{"start":{"line":30,"column":18},"end":{"line":30,"column":78}},"14":{"start":{"line":31,"column":8},"end":{"line":38,"column":9}},"15":{"start":{"line":32,"column":12},"end":{"line":37,"column":13}},"16":{"start":{"line":33,"column":16},"end":{"line":33,"column":39}},"17":{"start":{"line":36,"column":16},"end":{"line":36,"column":99}},"18":{"start":{"line":41,"column":4},"end":{"line":46,"column":5}},"19":{"start":{"line":42,"column":18},"end":{"line":42,"column":77}},"20":{"start":{"line":43,"column":8},"end":{"line":45,"column":9}},"21":{"start":{"line":44,"column":12},"end":{"line":44,"column":35}},"22":{"start":{"line":48,"column":4},"end":{"line":53,"column":5}},"23":{"start":{"line":49,"column":18},"end":{"line":49,"column":78}},"24":{"start":{"line":50,"column":8},"end":{"line":52,"column":9}},"25":{"start":{"line":51,"column":12},"end":{"line":51,"column":35}},"26":{"start":{"line":56,"column":0},"end":{"line":56,"column":43}}},"fnMap":{"0":{"name":"checkArgs","decl":{"start":{"line":8,"column":9},"end":{"line":8,"column":18}},"loc":{"start":{"line":8,"column":28},"end":{"line":26,"column":1}},"line":8},"1":{"name":"(anonymous_1)","decl":{"start":{"line":14,"column":23},"end":{"line":14,"column":24}},"loc":{"start":{"line":14,"column":33},"end":{"line":24,"column":5}},"line":14},"2":{"name":"(anonymous_2)","decl":{"start":{"line":15,"column":41},"end":{"line":15,"column":42}},"loc":{"start":{"line":15,"column":48},"end":{"line":15,"column":80}},"line":15},"3":{"name":"getNextArg","decl":{"start":{"line":28,"column":9},"end":{"line":28,"column":19}},"loc":{"start":{"line":28,"column":40},"end":{"line":55,"column":1}},"line":28}},"branchMap":{"0":{"loc":{"start":{"line":15,"column":48},"end":{"line":15,"column":80}},"type":"binary-expr","locations":[{"start":{"line":15,"column":48},"end":{"line":15,"column":62}},{"start":{"line":15,"column":66},"end":{"line":15,"column":80}}],"line":15},"1":{"loc":{"start":{"line":16,"column":8},"end":{"line":19,"column":9}},"type":"if","locations":[{"start":{"line":16,"column":8},"end":{"line":19,"column":9}},{"start":{},"end":{}}],"line":16},"2":{"loc":{"start":{"line":16,"column":12},"end":{"line":16,"column":39}},"type":"binary-expr","locations":[{"start":{"line":16,"column":12},"end":{"line":16,"column":28}},{"start":{"line":16,"column":32},"end":{"line":16,"column":39}}],"line":16},"3":{"loc":{"start":{"line":20,"column":8},"end":{"line":23,"column":9}},"type":"if","locations":[{"start":{"line":20,"column":8},"end":{"line":23,"column":9}},{"start":{},"end":{}}],"line":20},"4":{"loc":{"start":{"line":29,"column":4},"end":{"line":39,"column":5}},"type":"if","locations":[{"start":{"line":29,"column":4},"end":{"line":39,"column":5}},{"start":{},"end":{}}],"line":29},"5":{"loc":{"start":{"line":31,"column":8},"end":{"line":38,"column":9}},"type":"if","locations":[{"start":{"line":31,"column":8},"end":{"line":38,"column":9}},{"start":{},"end":{}}],"line":31},"6":{"loc":{"start":{"line":32,"column":12},"end":{"line":37,"column":13}},"type":"if","locations":[{"start":{"line":32,"column":12},"end":{"line":37,"column":13}},{"start":{"line":35,"column":17},"end":{"line":37,"column":13}}],"line":32},"7":{"loc":{"start":{"line":41,"column":4},"end":{"line":46,"column":5}},"type":"if","locations":[{"start":{"line":41,"column":4},"end":{"line":46,"column":5}},{"start":{},"end":{}}],"line":41},"8":{"loc":{"start":{"line":43,"column":8},"end":{"line":45,"column":9}},"type":"if","locations":[{"start":{"line":43,"column":8},"end":{"line":45,"column":9}},{"start":{},"end":{}}],"line":43},"9":{"loc":{"start":{"line":48,"column":4},"end":{"line":53,"column":5}},"type":"if","locations":[{"start":{"line":48,"column":4},"end":{"line":53,"column":5}},{"start":{},"end":{}}],"line":48},"10":{"loc":{"start":{"line":50,"column":8},"end":{"line":52,"column":9}},"type":"if","locations":[{"start":{"line":50,"column":8},"end":{"line":52,"column":9}},{"start":{},"end":{}}],"line":50}},"s":{"0":1,"1":14,"2":14,"3":31,"4":141,"5":31,"6":2,"7":0,"8":29,"9":5,"10":0,"11":7,"12":14,"13":7,"14":7,"15":7,"16":7,"17":0,"18":7,"19":4,"20":4,"21":2,"22":5,"23":3,"24":3,"25":2,"26":1},"f":{"0":14,"1":31,"2":141,"3":14},"b":{"0":[141,120],"1":[2,29],"2":[31,9],"3":[5,24],"4":[7,7],"5":[7,0],"6":[7,0],"7":[4,3],"8":[2,2],"9":[3,2],"10":[2,1]},"_coverageSchema":"1a1c01bbd47fc00a2c39e90264f33305004495a9","hash":"abd86dc73fa776d04656a87b5690f3338769b594"}
,"E:\\git\\RSSchool-node.js-2021Q4\\validators\\cmdCheck.js": {"path":"E:\\git\\RSSchool-node.js-2021Q4\\validators\\cmdCheck.js","statementMap":{"0":{"start":{"line":3,"column":26},"end":{"line":3,"column":54}},"1":{"start":{"line":9,"column":24},"end":{"line":9,"column":53}},"2":{"start":{"line":13,"column":15},"end":{"line":13,"column":19}},"3":{"start":{"line":14,"column":2},"end":{"line":19,"column":5}},"4":{"start":{"line":15,"column":4},"end":{"line":18,"column":5}},"5":{"start":{"line":16,"column":6},"end":{"line":16,"column":80}},"6":{"start":{"line":17,"column":6},"end":{"line":17,"column":21}},"7":{"start":{"line":20,"column":2},"end":{"line":20,"column":16}},"8":{"start":{"line":23,"column":0},"end":{"line":23,"column":26}}},"fnMap":{"0":{"name":"cmdCheck","decl":{"start":{"line":11,"column":9},"end":{"line":11,"column":17}},"loc":{"start":{"line":11,"column":23},"end":{"line":21,"column":1}},"line":11},"1":{"name":"(anonymous_1)","decl":{"start":{"line":14,"column":25},"end":{"line":14,"column":26}},"loc":{"start":{"line":14,"column":35},"end":{"line":19,"column":3}},"line":14}},"branchMap":{"0":{"loc":{"start":{"line":15,"column":4},"end":{"line":18,"column":5}},"type":"if","locations":[{"start":{"line":15,"column":4},"end":{"line":18,"column":5}},{"start":{},"end":{}}],"line":15}},"s":{"0":1,"1":1,"2":11,"3":11,"4":27,"5":6,"6":0,"7":5,"8":1},"f":{"0":11,"1":27},"b":{"0":[6,21]},"_coverageSchema":"1a1c01bbd47fc00a2c39e90264f33305004495a9","hash":"80f4b220cc1835fc642c02f44aea73df5a8aeac0"}
,"E:\\git\\RSSchool-node.js-2021Q4\\validators\\fileCheck.js": {"path":"E:\\git\\RSSchool-node.js-2021Q4\\validators\\fileCheck.js","statementMap":{"0":{"start":{"line":10,"column":11},"end":{"line":10,"column":24}},"1":{"start":{"line":11,"column":13},"end":{"line":11,"column":28}},"2":{"start":{"line":12,"column":22},"end":{"line":12,"column":50}},"3":{"start":{"line":17,"column":19},"end":{"line":17,"column":41}},"4":{"start":{"line":18,"column":4},"end":{"line":23,"column":5}},"5":{"start":{"line":19,"column":8},"end":{"line":19,"column":46}},"6":{"start":{"line":21,"column":8},"end":{"line":22,"column":70}},"7":{"start":{"line":26,"column":0},"end":{"line":26,"column":30}}},"fnMap":{"0":{"name":"isAccessible","decl":{"start":{"line":15,"column":9},"end":{"line":15,"column":21}},"loc":{"start":{"line":15,"column":66},"end":{"line":24,"column":1}},"line":15}},"branchMap":{"0":{"loc":{"start":{"line":15,"column":32},"end":{"line":15,"column":64}},"type":"default-arg","locations":[{"start":{"line":15,"column":47},"end":{"line":15,"column":64}}],"line":15}},"s":{"0":1,"1":1,"2":1,"3":2,"4":2,"5":2,"6":1,"7":1},"f":{"0":2},"b":{"0":[0]},"_coverageSchema":"1a1c01bbd47fc00a2c39e90264f33305004495a9","hash":"2efb4093c514ad8948f77dded409488d80173959"}
}
