{"E:\\RSSchool-node.js-2021Q4\\Node.js-my_ciphering_cli\\lib\\ciphers\\ciphers.js": {"path":"E:\\RSSchool-node.js-2021Q4\\Node.js-my_ciphering_cli\\lib\\ciphers\\ciphers.js","statementMap":{"0":{"start":{"line":10,"column":16},"end":{"line":10,"column":44}},"1":{"start":{"line":11,"column":10},"end":{"line":11,"column":22}},"2":{"start":{"line":12,"column":14},"end":{"line":12,"column":15}},"3":{"start":{"line":14,"column":2},"end":{"line":21,"column":3}},"4":{"start":{"line":16,"column":6},"end":{"line":16,"column":32}},"5":{"start":{"line":17,"column":6},"end":{"line":17,"column":12}},"6":{"start":{"line":19,"column":6},"end":{"line":19,"column":32}},"7":{"start":{"line":20,"column":6},"end":{"line":20,"column":12}},"8":{"start":{"line":23,"column":17},"end":{"line":23,"column":19}},"9":{"start":{"line":25,"column":2},"end":{"line":39,"column":3}},"10":{"start":{"line":25,"column":19},"end":{"line":25,"column":20}},"11":{"start":{"line":26,"column":17},"end":{"line":26,"column":41}},"12":{"start":{"line":27,"column":16},"end":{"line":27,"column":51}},"13":{"start":{"line":29,"column":4},"end":{"line":38,"column":5}},"14":{"start":{"line":31,"column":6},"end":{"line":31,"column":25}},"15":{"start":{"line":32,"column":11},"end":{"line":38,"column":5}},"16":{"start":{"line":34,"column":6},"end":{"line":34,"column":104}},"17":{"start":{"line":37,"column":6},"end":{"line":37,"column":120}},"18":{"start":{"line":40,"column":2},"end":{"line":40,"column":18}},"19":{"start":{"line":43,"column":16},"end":{"line":45,"column":1}},"20":{"start":{"line":44,"column":2},"end":{"line":44,"column":40}},"21":{"start":{"line":47,"column":0},"end":{"line":47,"column":25}}},"fnMap":{"0":{"name":"convert","decl":{"start":{"line":8,"column":9},"end":{"line":8,"column":16}},"loc":{"start":{"line":8,"column":51},"end":{"line":41,"column":1}},"line":8},"1":{"name":"(anonymous_1)","decl":{"start":{"line":43,"column":16},"end":{"line":43,"column":17}},"loc":{"start":{"line":43,"column":34},"end":{"line":45,"column":1}},"line":43}},"branchMap":{"0":{"loc":{"start":{"line":8,"column":34},"end":{"line":8,"column":49}},"type":"default-arg","locations":[{"start":{"line":8,"column":45},"end":{"line":8,"column":49}}],"line":8},"1":{"loc":{"start":{"line":14,"column":2},"end":{"line":21,"column":3}},"type":"switch","locations":[{"start":{"line":15,"column":4},"end":{"line":17,"column":12}},{"start":{"line":18,"column":4},"end":{"line":20,"column":12}}],"line":14},"2":{"loc":{"start":{"line":16,"column":14},"end":{"line":16,"column":31}},"type":"cond-expr","locations":[{"start":{"line":16,"column":25},"end":{"line":16,"column":26}},{"start":{"line":16,"column":29},"end":{"line":16,"column":31}}],"line":16},"3":{"loc":{"start":{"line":19,"column":14},"end":{"line":19,"column":31}},"type":"cond-expr","locations":[{"start":{"line":19,"column":25},"end":{"line":19,"column":26}},{"start":{"line":19,"column":29},"end":{"line":19,"column":31}}],"line":19},"4":{"loc":{"start":{"line":29,"column":4},"end":{"line":38,"column":5}},"type":"if","locations":[{"start":{"line":29,"column":4},"end":{"line":38,"column":5}},{"start":{"line":32,"column":11},"end":{"line":38,"column":5}}],"line":29},"5":{"loc":{"start":{"line":32,"column":11},"end":{"line":38,"column":5}},"type":"if","locations":[{"start":{"line":32,"column":11},"end":{"line":38,"column":5}},{"start":{"line":35,"column":11},"end":{"line":38,"column":5}}],"line":32},"6":{"loc":{"start":{"line":34,"column":18},"end":{"line":34,"column":103}},"type":"cond-expr","locations":[{"start":{"line":34,"column":34},"end":{"line":34,"column":64}},{"start":{"line":34,"column":67},"end":{"line":34,"column":103}}],"line":34},"7":{"loc":{"start":{"line":37,"column":19},"end":{"line":37,"column":104}},"type":"cond-expr","locations":[{"start":{"line":37,"column":35},"end":{"line":37,"column":65}},{"start":{"line":37,"column":68},"end":{"line":37,"column":104}}],"line":37}},"s":{"0":8,"1":8,"2":8,"3":8,"4":3,"5":3,"6":3,"7":3,"8":8,"9":8,"10":8,"11":301,"12":301,"13":301,"14":151,"15":150,"16":10,"17":140,"18":8,"19":3,"20":150,"21":3},"f":{"0":8,"1":150},"b":{"0":[3],"1":[3,3],"2":[2,1],"3":[2,1],"4":[151,150],"5":[10,140],"6":[2,8],"7":[28,112]},"_coverageSchema":"1a1c01bbd47fc00a2c39e90264f33305004495a9","hash":"14e2c01b502daead0decbaac1b9a684e6c32115c"}
,"E:\\RSSchool-node.js-2021Q4\\Node.js-my_ciphering_cli\\lib\\errors\\myError.js": {"path":"E:\\RSSchool-node.js-2021Q4\\Node.js-my_ciphering_cli\\lib\\errors\\myError.js","statementMap":{"0":{"start":{"line":10,"column":4},"end":{"line":10,"column":19}},"1":{"start":{"line":11,"column":4},"end":{"line":11,"column":27}},"2":{"start":{"line":12,"column":4},"end":{"line":12,"column":34}},"3":{"start":{"line":18,"column":4},"end":{"line":18,"column":19}},"4":{"start":{"line":19,"column":4},"end":{"line":19,"column":27}},"5":{"start":{"line":20,"column":4},"end":{"line":20,"column":33}},"6":{"start":{"line":26,"column":4},"end":{"line":26,"column":19}},"7":{"start":{"line":27,"column":4},"end":{"line":27,"column":27}},"8":{"start":{"line":28,"column":4},"end":{"line":28,"column":35}},"9":{"start":{"line":34,"column":4},"end":{"line":34,"column":19}},"10":{"start":{"line":35,"column":4},"end":{"line":35,"column":27}},"11":{"start":{"line":36,"column":4},"end":{"line":36,"column":31}},"12":{"start":{"line":40,"column":0},"end":{"line":40,"column":75}}},"fnMap":{"0":{"name":"(anonymous_0)","decl":{"start":{"line":9,"column":2},"end":{"line":9,"column":3}},"loc":{"start":{"line":9,"column":23},"end":{"line":13,"column":3}},"line":9},"1":{"name":"(anonymous_1)","decl":{"start":{"line":17,"column":2},"end":{"line":17,"column":3}},"loc":{"start":{"line":17,"column":23},"end":{"line":21,"column":3}},"line":17},"2":{"name":"(anonymous_2)","decl":{"start":{"line":25,"column":2},"end":{"line":25,"column":3}},"loc":{"start":{"line":25,"column":23},"end":{"line":29,"column":3}},"line":25},"3":{"name":"(anonymous_3)","decl":{"start":{"line":33,"column":2},"end":{"line":33,"column":3}},"loc":{"start":{"line":33,"column":23},"end":{"line":37,"column":3}},"line":33}},"branchMap":{},"s":{"0":7,"1":7,"2":7,"3":8,"4":8,"5":8,"6":1,"7":1,"8":1,"9":0,"10":0,"11":0,"12":3},"f":{"0":7,"1":8,"2":1,"3":0},"b":{},"_coverageSchema":"1a1c01bbd47fc00a2c39e90264f33305004495a9","hash":"9ef0a5c4e7b9e0b5603005168d46a376294f5ea3"}
,"E:\\RSSchool-node.js-2021Q4\\Node.js-my_ciphering_cli\\lib\\streams\\queueStreams.js": {"path":"E:\\RSSchool-node.js-2021Q4\\Node.js-my_ciphering_cli\\lib\\streams\\queueStreams.js","statementMap":{"0":{"start":{"line":1,"column":16},"end":{"line":1,"column":45}},"1":{"start":{"line":2,"column":57},"end":{"line":2,"column":83}},"2":{"start":{"line":5,"column":28},"end":{"line":5,"column":30}},"3":{"start":{"line":7,"column":4},"end":{"line":24,"column":7}},"4":{"start":{"line":8,"column":8},"end":{"line":23,"column":9}},"5":{"start":{"line":10,"column":16},"end":{"line":10,"column":60}},"6":{"start":{"line":11,"column":16},"end":{"line":11,"column":22}},"7":{"start":{"line":14,"column":16},"end":{"line":14,"column":64}},"8":{"start":{"line":15,"column":16},"end":{"line":15,"column":69}},"9":{"start":{"line":16,"column":16},"end":{"line":16,"column":22}},"10":{"start":{"line":19,"column":16},"end":{"line":19,"column":64}},"11":{"start":{"line":20,"column":16},"end":{"line":20,"column":67}},"12":{"start":{"line":21,"column":16},"end":{"line":21,"column":22}},"13":{"start":{"line":25,"column":4},"end":{"line":25,"column":27}},"14":{"start":{"line":28,"column":0},"end":{"line":28,"column":63}}},"fnMap":{"0":{"name":"createQueueOfCiphering","decl":{"start":{"line":4,"column":9},"end":{"line":4,"column":31}},"loc":{"start":{"line":4,"column":44},"end":{"line":26,"column":1}},"line":4},"1":{"name":"(anonymous_1)","decl":{"start":{"line":7,"column":34},"end":{"line":7,"column":35}},"loc":{"start":{"line":7,"column":44},"end":{"line":24,"column":5}},"line":7}},"branchMap":{"0":{"loc":{"start":{"line":8,"column":8},"end":{"line":23,"column":9}},"type":"switch","locations":[{"start":{"line":9,"column":12},"end":{"line":12,"column":13}},{"start":{"line":13,"column":12},"end":{"line":17,"column":13}},{"start":{"line":18,"column":12},"end":{"line":22,"column":13}}],"line":8},"1":{"loc":{"start":{"line":14,"column":28},"end":{"line":14,"column":63}},"type":"cond-expr","locations":[{"start":{"line":14,"column":51},"end":{"line":14,"column":55}},{"start":{"line":14,"column":58},"end":{"line":14,"column":63}}],"line":14},"2":{"loc":{"start":{"line":19,"column":28},"end":{"line":19,"column":63}},"type":"cond-expr","locations":[{"start":{"line":19,"column":51},"end":{"line":19,"column":55}},{"start":{"line":19,"column":58},"end":{"line":19,"column":63}}],"line":19}},"s":{"0":1,"1":1,"2":4,"3":4,"4":22,"5":4,"6":4,"7":9,"8":9,"9":9,"10":9,"11":9,"12":9,"13":4,"14":1},"f":{"0":4,"1":22},"b":{"0":[4,9,9],"1":[9,0],"2":[3,6]},"_coverageSchema":"1a1c01bbd47fc00a2c39e90264f33305004495a9","hash":"6e818e0fc30da1dd5c5a6f0187cbf2823673e414"}
,"E:\\RSSchool-node.js-2021Q4\\Node.js-my_ciphering_cli\\lib\\streams\\streamClasses.js": {"path":"E:\\RSSchool-node.js-2021Q4\\Node.js-my_ciphering_cli\\lib\\streams\\streamClasses.js","statementMap":{"0":{"start":{"line":1,"column":15},"end":{"line":1,"column":32}},"1":{"start":{"line":2,"column":16},"end":{"line":2,"column":45}},"2":{"start":{"line":6,"column":8},"end":{"line":6,"column":23}},"3":{"start":{"line":9,"column":8},"end":{"line":9,"column":50}},"4":{"start":{"line":10,"column":8},"end":{"line":10,"column":19}},"5":{"start":{"line":16,"column":8},"end":{"line":16,"column":23}},"6":{"start":{"line":17,"column":8},"end":{"line":17,"column":35}},"7":{"start":{"line":20,"column":8},"end":{"line":20,"column":66}},"8":{"start":{"line":21,"column":8},"end":{"line":21,"column":19}},"9":{"start":{"line":27,"column":8},"end":{"line":27,"column":23}},"10":{"start":{"line":28,"column":8},"end":{"line":28,"column":35}},"11":{"start":{"line":32,"column":8},"end":{"line":32,"column":66}},"12":{"start":{"line":33,"column":8},"end":{"line":33,"column":19}},"13":{"start":{"line":37,"column":0},"end":{"line":37,"column":68}}},"fnMap":{"0":{"name":"(anonymous_0)","decl":{"start":{"line":5,"column":4},"end":{"line":5,"column":5}},"loc":{"start":{"line":5,"column":25},"end":{"line":7,"column":5}},"line":5},"1":{"name":"(anonymous_1)","decl":{"start":{"line":8,"column":4},"end":{"line":8,"column":5}},"loc":{"start":{"line":8,"column":42},"end":{"line":11,"column":5}},"line":8},"2":{"name":"(anonymous_2)","decl":{"start":{"line":15,"column":4},"end":{"line":15,"column":5}},"loc":{"start":{"line":15,"column":36},"end":{"line":18,"column":5}},"line":15},"3":{"name":"(anonymous_3)","decl":{"start":{"line":19,"column":4},"end":{"line":19,"column":5}},"loc":{"start":{"line":19,"column":42},"end":{"line":22,"column":5}},"line":19},"4":{"name":"(anonymous_4)","decl":{"start":{"line":26,"column":4},"end":{"line":26,"column":5}},"loc":{"start":{"line":26,"column":36},"end":{"line":29,"column":5}},"line":26},"5":{"name":"(anonymous_5)","decl":{"start":{"line":30,"column":4},"end":{"line":30,"column":5}},"loc":{"start":{"line":30,"column":42},"end":{"line":34,"column":5}},"line":30}},"branchMap":{},"s":{"0":1,"1":1,"2":0,"3":0,"4":0,"5":0,"6":0,"7":0,"8":0,"9":0,"10":0,"11":0,"12":0,"13":1},"f":{"0":0,"1":0,"2":0,"3":0,"4":0,"5":0},"b":{},"_coverageSchema":"1a1c01bbd47fc00a2c39e90264f33305004495a9","hash":"38906a956a00f693e01f37934d795b85f41b434b"}
,"E:\\RSSchool-node.js-2021Q4\\Node.js-my_ciphering_cli\\lib\\validators\\argCheck.js": {"path":"E:\\RSSchool-node.js-2021Q4\\Node.js-my_ciphering_cli\\lib\\validators\\argCheck.js","statementMap":{"0":{"start":{"line":6,"column":42},"end":{"line":6,"column":70}},"1":{"start":{"line":9,"column":21},"end":{"line":13,"column":5}},"2":{"start":{"line":14,"column":4},"end":{"line":22,"column":7}},"3":{"start":{"line":15,"column":26},"end":{"line":15,"column":88}},"4":{"start":{"line":15,"column":48},"end":{"line":15,"column":80}},"5":{"start":{"line":16,"column":8},"end":{"line":18,"column":9}},"6":{"start":{"line":17,"column":12},"end":{"line":17,"column":85}},"7":{"start":{"line":19,"column":8},"end":{"line":21,"column":9}},"8":{"start":{"line":20,"column":12},"end":{"line":20,"column":88}},"9":{"start":{"line":23,"column":4},"end":{"line":23,"column":15}},"10":{"start":{"line":27,"column":4},"end":{"line":37,"column":5}},"11":{"start":{"line":28,"column":18},"end":{"line":28,"column":78}},"12":{"start":{"line":29,"column":8},"end":{"line":36,"column":9}},"13":{"start":{"line":30,"column":12},"end":{"line":35,"column":13}},"14":{"start":{"line":31,"column":16},"end":{"line":31,"column":39}},"15":{"start":{"line":34,"column":16},"end":{"line":34,"column":99}},"16":{"start":{"line":39,"column":4},"end":{"line":44,"column":5}},"17":{"start":{"line":40,"column":18},"end":{"line":40,"column":77}},"18":{"start":{"line":41,"column":8},"end":{"line":43,"column":9}},"19":{"start":{"line":42,"column":12},"end":{"line":42,"column":35}},"20":{"start":{"line":46,"column":4},"end":{"line":51,"column":5}},"21":{"start":{"line":47,"column":18},"end":{"line":47,"column":78}},"22":{"start":{"line":48,"column":8},"end":{"line":50,"column":9}},"23":{"start":{"line":49,"column":12},"end":{"line":49,"column":35}},"24":{"start":{"line":54,"column":0},"end":{"line":54,"column":43}}},"fnMap":{"0":{"name":"checkArgs","decl":{"start":{"line":8,"column":9},"end":{"line":8,"column":18}},"loc":{"start":{"line":8,"column":28},"end":{"line":24,"column":1}},"line":8},"1":{"name":"(anonymous_1)","decl":{"start":{"line":14,"column":23},"end":{"line":14,"column":24}},"loc":{"start":{"line":14,"column":33},"end":{"line":22,"column":5}},"line":14},"2":{"name":"(anonymous_2)","decl":{"start":{"line":15,"column":41},"end":{"line":15,"column":42}},"loc":{"start":{"line":15,"column":48},"end":{"line":15,"column":80}},"line":15},"3":{"name":"getNextArg","decl":{"start":{"line":26,"column":9},"end":{"line":26,"column":19}},"loc":{"start":{"line":26,"column":40},"end":{"line":53,"column":1}},"line":26}},"branchMap":{"0":{"loc":{"start":{"line":15,"column":48},"end":{"line":15,"column":80}},"type":"binary-expr","locations":[{"start":{"line":15,"column":48},"end":{"line":15,"column":62}},{"start":{"line":15,"column":66},"end":{"line":15,"column":80}}],"line":15},"1":{"loc":{"start":{"line":16,"column":8},"end":{"line":18,"column":9}},"type":"if","locations":[{"start":{"line":16,"column":8},"end":{"line":18,"column":9}},{"start":{},"end":{}}],"line":16},"2":{"loc":{"start":{"line":16,"column":12},"end":{"line":16,"column":39}},"type":"binary-expr","locations":[{"start":{"line":16,"column":12},"end":{"line":16,"column":28}},{"start":{"line":16,"column":32},"end":{"line":16,"column":39}}],"line":16},"3":{"loc":{"start":{"line":19,"column":8},"end":{"line":21,"column":9}},"type":"if","locations":[{"start":{"line":19,"column":8},"end":{"line":21,"column":9}},{"start":{},"end":{}}],"line":19},"4":{"loc":{"start":{"line":27,"column":4},"end":{"line":37,"column":5}},"type":"if","locations":[{"start":{"line":27,"column":4},"end":{"line":37,"column":5}},{"start":{},"end":{}}],"line":27},"5":{"loc":{"start":{"line":29,"column":8},"end":{"line":36,"column":9}},"type":"if","locations":[{"start":{"line":29,"column":8},"end":{"line":36,"column":9}},{"start":{},"end":{}}],"line":29},"6":{"loc":{"start":{"line":30,"column":12},"end":{"line":35,"column":13}},"type":"if","locations":[{"start":{"line":30,"column":12},"end":{"line":35,"column":13}},{"start":{"line":33,"column":17},"end":{"line":35,"column":13}}],"line":30},"7":{"loc":{"start":{"line":39,"column":4},"end":{"line":44,"column":5}},"type":"if","locations":[{"start":{"line":39,"column":4},"end":{"line":44,"column":5}},{"start":{},"end":{}}],"line":39},"8":{"loc":{"start":{"line":41,"column":8},"end":{"line":43,"column":9}},"type":"if","locations":[{"start":{"line":41,"column":8},"end":{"line":43,"column":9}},{"start":{},"end":{}}],"line":41},"9":{"loc":{"start":{"line":46,"column":4},"end":{"line":51,"column":5}},"type":"if","locations":[{"start":{"line":46,"column":4},"end":{"line":51,"column":5}},{"start":{},"end":{}}],"line":46},"10":{"loc":{"start":{"line":48,"column":8},"end":{"line":50,"column":9}},"type":"if","locations":[{"start":{"line":48,"column":8},"end":{"line":50,"column":9}},{"start":{},"end":{}}],"line":48}},"s":{"0":1,"1":14,"2":14,"3":31,"4":141,"5":31,"6":2,"7":29,"8":5,"9":7,"10":16,"11":9,"12":9,"13":9,"14":7,"15":2,"16":7,"17":4,"18":4,"19":2,"20":5,"21":3,"22":3,"23":2,"24":1},"f":{"0":14,"1":31,"2":141,"3":16},"b":{"0":[141,120],"1":[2,29],"2":[31,9],"3":[5,24],"4":[9,7],"5":[9,0],"6":[7,2],"7":[4,3],"8":[2,2],"9":[3,2],"10":[2,1]},"_coverageSchema":"1a1c01bbd47fc00a2c39e90264f33305004495a9","hash":"92336d03cde42b609855eb1329debd1b386307c5"}
,"E:\\RSSchool-node.js-2021Q4\\Node.js-my_ciphering_cli\\lib\\validators\\cmdCheck.js": {"path":"E:\\RSSchool-node.js-2021Q4\\Node.js-my_ciphering_cli\\lib\\validators\\cmdCheck.js","statementMap":{"0":{"start":{"line":3,"column":26},"end":{"line":3,"column":54}},"1":{"start":{"line":9,"column":24},"end":{"line":9,"column":53}},"2":{"start":{"line":13,"column":15},"end":{"line":13,"column":19}},"3":{"start":{"line":14,"column":2},"end":{"line":18,"column":5}},"4":{"start":{"line":15,"column":4},"end":{"line":17,"column":5}},"5":{"start":{"line":16,"column":6},"end":{"line":16,"column":80}},"6":{"start":{"line":21,"column":0},"end":{"line":21,"column":26}}},"fnMap":{"0":{"name":"cmdCheck","decl":{"start":{"line":11,"column":9},"end":{"line":11,"column":17}},"loc":{"start":{"line":11,"column":23},"end":{"line":19,"column":1}},"line":11},"1":{"name":"(anonymous_1)","decl":{"start":{"line":14,"column":25},"end":{"line":14,"column":26}},"loc":{"start":{"line":14,"column":35},"end":{"line":18,"column":3}},"line":14}},"branchMap":{"0":{"loc":{"start":{"line":15,"column":4},"end":{"line":17,"column":5}},"type":"if","locations":[{"start":{"line":15,"column":4},"end":{"line":17,"column":5}},{"start":{},"end":{}}],"line":15}},"s":{"0":1,"1":1,"2":11,"3":11,"4":27,"5":6,"6":1},"f":{"0":11,"1":27},"b":{"0":[6,21]},"_coverageSchema":"1a1c01bbd47fc00a2c39e90264f33305004495a9","hash":"9966a5bb9805cf65a92b756521ce2bcd311c4d7b"}
,"E:\\RSSchool-node.js-2021Q4\\Node.js-my_ciphering_cli\\lib\\validators\\fileCheck.js": {"path":"E:\\RSSchool-node.js-2021Q4\\Node.js-my_ciphering_cli\\lib\\validators\\fileCheck.js","statementMap":{"0":{"start":{"line":10,"column":11},"end":{"line":10,"column":24}},"1":{"start":{"line":11,"column":13},"end":{"line":11,"column":28}},"2":{"start":{"line":12,"column":22},"end":{"line":12,"column":50}},"3":{"start":{"line":17,"column":19},"end":{"line":17,"column":41}},"4":{"start":{"line":18,"column":4},"end":{"line":23,"column":5}},"5":{"start":{"line":19,"column":8},"end":{"line":19,"column":46}},"6":{"start":{"line":21,"column":8},"end":{"line":22,"column":70}},"7":{"start":{"line":26,"column":0},"end":{"line":26,"column":30}}},"fnMap":{"0":{"name":"isAccessible","decl":{"start":{"line":15,"column":9},"end":{"line":15,"column":21}},"loc":{"start":{"line":15,"column":66},"end":{"line":24,"column":1}},"line":15}},"branchMap":{"0":{"loc":{"start":{"line":15,"column":32},"end":{"line":15,"column":64}},"type":"default-arg","locations":[{"start":{"line":15,"column":47},"end":{"line":15,"column":64}}],"line":15}},"s":{"0":1,"1":1,"2":1,"3":2,"4":2,"5":2,"6":1,"7":1},"f":{"0":2},"b":{"0":[0]},"_coverageSchema":"1a1c01bbd47fc00a2c39e90264f33305004495a9","hash":"ffcc3aa7c84e2cfbafab008b3b7c234fcb298e5b"}
}
