TN:
SF:ciphers\ciphers.js
FN:8,(anonymous_0)
FN:43,(anonymous_1)
FNF:2
FNH:2
FNDA:6,(anonymous_0)
FNDA:90,(anonymous_1)
DA:8,1
DA:10,6
DA:11,6
DA:12,6
DA:14,6
DA:16,2
DA:17,2
DA:19,2
DA:20,2
DA:23,6
DA:25,6
DA:26,219
DA:27,219
DA:29,219
DA:31,129
DA:32,90
DA:34,6
DA:37,84
DA:40,6
DA:43,1
DA:44,90
LF:21
LH:21
BRDA:8,0,0,6
BRDA:14,1,0,2
BRDA:14,1,1,2
BRDA:16,2,0,2
BRDA:16,2,1,0
BRDA:19,3,0,2
BRDA:19,3,1,0
BRDA:29,4,0,129
BRDA:29,4,1,90
BRDA:32,5,0,6
BRDA:32,5,1,84
BRDA:34,6,0,2
BRDA:34,6,1,4
BRDA:37,7,0,28
BRDA:37,7,1,56
BRF:15
BRH:13
end_of_record
TN:
SF:errors\myError.js
FN:9,(anonymous_0)
FN:17,(anonymous_1)
FN:25,(anonymous_2)
FN:33,(anonymous_3)
FNF:4
FNH:3
FNDA:7,(anonymous_0)
FNDA:6,(anonymous_1)
FNDA:1,(anonymous_2)
FNDA:0,(anonymous_3)
DA:10,7
DA:11,7
DA:12,7
DA:18,6
DA:19,6
DA:20,6
DA:26,1
DA:27,1
DA:28,1
DA:34,0
DA:35,0
DA:36,0
DA:40,3
LF:13
LH:10
BRF:0
BRH:0
end_of_record
TN:
SF:validators\argCheck.js
FN:8,checkArgs
FN:14,(anonymous_1)
FN:15,(anonymous_2)
FN:28,getNextArg
FNF:4
FNH:4
FNDA:14,checkArgs
FNDA:31,(anonymous_1)
FNDA:141,(anonymous_2)
FNDA:14,getNextArg
DA:6,1
DA:9,14
DA:14,14
DA:15,141
DA:16,31
DA:17,2
DA:18,0
DA:20,29
DA:21,5
DA:22,0
DA:25,7
DA:29,14
DA:30,7
DA:31,7
DA:32,7
DA:33,7
DA:36,0
DA:41,7
DA:42,4
DA:43,4
DA:44,2
DA:48,5
DA:49,3
DA:50,3
DA:51,2
DA:56,1
LF:26
LH:23
BRDA:15,0,0,141
BRDA:15,0,1,120
BRDA:16,1,0,2
BRDA:16,1,1,29
BRDA:16,2,0,31
BRDA:16,2,1,9
BRDA:20,3,0,5
BRDA:20,3,1,24
BRDA:29,4,0,7
BRDA:29,4,1,7
BRDA:31,5,0,7
BRDA:31,5,1,0
BRDA:32,6,0,7
BRDA:32,6,1,0
BRDA:41,7,0,4
BRDA:41,7,1,3
BRDA:43,8,0,2
BRDA:43,8,1,2
BRDA:48,9,0,3
BRDA:48,9,1,2
BRDA:50,10,0,2
BRDA:50,10,1,1
BRF:22
BRH:20
end_of_record
TN:
SF:validators\cmdCheck.js
FN:11,cmdCheck
FN:14,(anonymous_1)
FNF:2
FNH:2
FNDA:11,cmdCheck
FNDA:27,(anonymous_1)
DA:3,1
DA:9,1
DA:13,11
DA:14,11
DA:15,27
DA:16,6
DA:17,0
DA:20,5
DA:23,1
LF:9
LH:8
BRDA:15,0,0,6
BRDA:15,0,1,21
BRF:2
BRH:2
end_of_record
TN:
SF:validators\fileCheck.js
FN:15,isAccessible
FNF:1
FNH:1
FNDA:2,isAccessible
DA:10,1
DA:11,1
DA:12,1
DA:17,2
DA:18,2
DA:19,2
DA:21,1
DA:26,1
LF:8
LH:8
BRDA:15,0,0,0
BRF:1
BRH:0
end_of_record
