TN:
SF:ciphers\ciphers.js
FN:8,(anonymous_0)
FN:43,(anonymous_1)
FNF:2
FNH:2
FNDA:8,(anonymous_0)
FNDA:150,(anonymous_1)
DA:8,1
DA:10,8
DA:11,8
DA:12,8
DA:14,8
DA:16,3
DA:17,3
DA:19,3
DA:20,3
DA:23,8
DA:25,8
DA:26,301
DA:27,301
DA:29,301
DA:31,151
DA:32,150
DA:34,10
DA:37,140
DA:40,8
DA:43,1
DA:44,150
LF:21
LH:21
BRDA:8,0,0,3
BRDA:14,1,0,3
BRDA:14,1,1,3
BRDA:16,2,0,2
BRDA:16,2,1,1
BRDA:19,3,0,2
BRDA:19,3,1,1
BRDA:29,4,0,151
BRDA:29,4,1,150
BRDA:32,5,0,10
BRDA:32,5,1,140
BRDA:34,6,0,2
BRDA:34,6,1,8
BRDA:37,7,0,28
BRDA:37,7,1,112
BRF:15
BRH:15
end_of_record
TN:
SF:errors\myError.js
FN:9,(anonymous_0)
FN:17,(anonymous_1)
FN:25,(anonymous_2)
FN:33,(anonymous_3)
FNF:4
FNH:3
FNDA:7,(anonymous_0)
FNDA:8,(anonymous_1)
FNDA:1,(anonymous_2)
FNDA:0,(anonymous_3)
DA:10,7
DA:11,7
DA:12,7
DA:18,8
DA:19,8
DA:20,8
DA:26,1
DA:27,1
DA:28,1
DA:34,0
DA:35,0
DA:36,0
DA:40,3
LF:13
LH:10
BRF:0
BRH:0
end_of_record
TN:
SF:validators\argCheck.js
FN:8,checkArgs
FN:14,(anonymous_1)
FN:15,(anonymous_2)
FN:26,getNextArg
FNF:4
FNH:4
FNDA:14,checkArgs
FNDA:31,(anonymous_1)
FNDA:141,(anonymous_2)
FNDA:16,getNextArg
DA:6,1
DA:9,14
DA:14,14
DA:15,141
DA:16,31
DA:17,2
DA:19,29
DA:20,5
DA:23,7
DA:27,16
DA:28,9
DA:29,9
DA:30,9
DA:31,7
DA:34,2
DA:39,7
DA:40,4
DA:41,4
DA:42,2
DA:46,5
DA:47,3
DA:48,3
DA:49,2
DA:54,1
LF:24
LH:24
BRDA:15,0,0,141
BRDA:15,0,1,120
BRDA:16,1,0,2
BRDA:16,1,1,29
BRDA:16,2,0,31
BRDA:16,2,1,9
BRDA:19,3,0,5
BRDA:19,3,1,24
BRDA:27,4,0,9
BRDA:27,4,1,7
BRDA:29,5,0,9
BRDA:29,5,1,0
BRDA:30,6,0,7
BRDA:30,6,1,2
BRDA:39,7,0,4
BRDA:39,7,1,3
BRDA:41,8,0,2
BRDA:41,8,1,2
BRDA:46,9,0,3
BRDA:46,9,1,2
BRDA:48,10,0,2
BRDA:48,10,1,1
BRF:22
BRH:21
end_of_record
TN:
SF:validators\cmdCheck.js
FN:11,cmdCheck
FN:14,(anonymous_1)
FNF:2
FNH:2
FNDA:11,cmdCheck
FNDA:27,(anonymous_1)
DA:3,1
DA:9,1
DA:13,11
DA:14,11
DA:15,27
DA:16,6
DA:21,1
LF:7
LH:7
BRDA:15,0,0,6
BRDA:15,0,1,21
BRF:2
BRH:2
end_of_record
TN:
SF:validators\fileCheck.js
FN:15,isAccessible
FNF:1
FNH:1
FNDA:2,isAccessible
DA:10,1
DA:11,1
DA:12,1
DA:17,2
DA:18,2
DA:19,2
DA:21,1
DA:26,1
LF:8
LH:8
BRDA:15,0,0,0
BRF:1
BRH:0
end_of_record
